YUNUS AAAAAAAAAAAAA GET /dashboard 304  - 2581.137 ms {} ::1
YUNUS AAAAAAAAAAAAA GET /dashboard 304  - 1193.656 ms {} ::1
YUNUS AAAAAAAAAAAAA GET /dashboard 200 39090 - 2906.440 ms {} ::1
YUNUS AAAAAAAAAAAAA GET /duyuru 404 20770 - 407.955 ms {} ::1
YUNUS AAAAAAAAAAAAA GET /kullanicilar/table 200 28493 - 467.931 ms {} ::1
YUNUS AAAAAAAAAAAAA GET /duyuru 302 56 - 16.193 ms {} ::1
YUNUS AAAAAAAAAAAAA GET /dashboard 304  - 2164.467 ms {} ::1
YUNUS AAAAAAAAAAAAA GET /duyuru 302 56 - 2.177 ms {} ::1
YUNUS AAAAAAAAAAAAA GET /dashboard 304  - 593.874 ms {} ::1
YUNUS AAAAAAAAAAAAA GET /duyuru 500 21753 - 2338.953 ms {} ::ffff:127.0.0.1
YUNUS AAAAAAAAAAAAA GET /duyuru 500 21753 - 508.886 ms {} ::1
YUNUS AAAAAAAAAAAAA GET /duyuru 500 21753 - 881.032 ms {} ::1
YUNUS AAAAAAAAAAAAA GET /duyuru 200 27299 - 328.383 ms {} ::1
YUNUS AAAAAAAAAAAAA GET /dashboard 304  - 406.554 ms {} ::1
YUNUS AAAAAAAAAAAAA GET /duyuru 200 27304 - 306.300 ms {} ::1
YUNUS AAAAAAAAAAAAA GET /dashboard 304  - 399.255 ms {} ::1
YUNUS AAAAAAAAAAAAA GET /duyuru 304  - 286.179 ms {} ::1
YUNUS AAAAAAAAAAAAA GET /duyuru 500 22356 - 813.125 ms {} ::1
YUNUS AAAAAAAAAAAAA GET /duyuru 200 28243 - 478.459 ms {} ::1
YUNUS AAAAAAAAAAAAA GET /duyuru 304  - 358.078 ms {} ::1
YUNUS AAAAAAAAAAAAA GET /duyuru 200 28788 - 371.107 ms {} ::1
YUNUS AAAAAAAAAAAAA GET /duyuru 200 28755 - 670.380 ms {} ::1
YUNUS AAAAAAAAAAAAA GET /duyuru 200 28719 - 419.775 ms {} ::1
YUNUS AAAAAAAAAAAAA GET /duyuru 200 28718 - 807.276 ms {} ::1
YUNUS AAAAAAAAAAAAA GET /duyuru 304  - 350.688 ms {} ::1
YUNUS AAAAAAAAAAAAA GET /duyuru 304  - 355.103 ms {} ::1
YUNUS AAAAAAAAAAAAA GET /duyuru 304  - 336.320 ms {} ::1
YUNUS AAAAAAAAAAAAA GET /duyuru 200 28902 - 323.228 ms {} ::1
YUNUS AAAAAAAAAAAAA GET /duyuru 200 29075 - 746.702 ms {} ::1
YUNUS AAAAAAAAAAAAA GET /duyuru 200 29249 - 419.924 ms {} ::1
YUNUS AAAAAAAAAAAAA GET /duyuru 200 29250 - 330.716 ms {} ::1
YUNUS AAAAAAAAAAAAA GET /duyuru 500 21111 - 2394.657 ms {} ::1
YUNUS AAAAAAAAAAAAA GET /duyuru 500 21187 - 452.790 ms {} ::1
YUNUS AAAAAAAAAAAAA GET /duyuru 500 21566 - 347.027 ms {} ::1
YUNUS AAAAAAAAAAAAA GET /duyuru 200 29624 - 490.333 ms {} ::1
YUNUS AAAAAAAAAAAAA POST /ajax/dyndata 200 80 - 38.311 ms {"kdata":{"where":{"id":"1"},"hash":"ffe9af116eae61048eaf2558ac20dfd8"}} ::1
YUNUS AAAAAAAAAAAAA GET /duyuru 200 29777 - 370.059 ms {} ::1
YUNUS AAAAAAAAAAAAA GET /duyuru 200 29803 - 366.113 ms {} ::1
YUNUS AAAAAAAAAAAAA GET /duyuru 200 29807 - 337.181 ms {} ::1
YUNUS AAAAAAAAAAAAA POST /ajax/dyndata 200 84 - 28.459 ms {"kdata":{"where":{"id":"3"},"hash":"9fcf2195842ff996634b44f327af677a"}} ::1
YUNUS AAAAAAAAAAAAA POST /ajax/dyndata 200 84 - 23.647 ms {"kdata":{"where":{"id":"5"},"hash":"9fcf2195842ff996634b44f327af677a"}} ::1
YUNUS AAAAAAAAAAAAA POST /ajax/dyndata 200 84 - 19.477 ms {"kdata":{"where":{"id":"6"},"hash":"9fcf2195842ff996634b44f327af677a"}} ::1
YUNUS AAAAAAAAAAAAA GET /duyuru 200 29820 - 331.408 ms {} ::1
YUNUS AAAAAAAAAAAAA POST /ajax/dyndata 200 84 - 17.035 ms {"kdata":{"where":{"id":"2"},"hash":"7f4acc260a376ae0ac350b9fd1bca9ff"}} ::1
YUNUS AAAAAAAAAAAAA GET /duyuru 200 29842 - 804.304 ms {} ::1
YUNUS AAAAAAAAAAAAA POST /ajax/dyndata 200 84 - 28.836 ms {"kdata":{"where":{"id":"1"},"hash":"b2081abd8b4c3799278614f9832c67b6"}} ::1
YUNUS AAAAAAAAAAAAA POST /ajax/dyndata 200 84 - 20.636 ms {"kdata":{"where":{"id":"6"},"hash":"b2081abd8b4c3799278614f9832c67b6"}} ::1
YUNUS AAAAAAAAAAAAA POST /ajax/dyndata 200 87 - 20.424 ms {"kdata":{"where":{"id":"7"},"hash":"b2081abd8b4c3799278614f9832c67b6"}} ::1
YUNUS AAAAAAAAAAAAA POST /ajax/dyndata 200 84 - 11.129 ms {"kdata":{"where":{"id":"3"},"hash":"b2081abd8b4c3799278614f9832c67b6"}} ::1
YUNUS AAAAAAAAAAAAA POST /ajax/dyndata 200 84 - 5.969 ms {"kdata":{"where":{"id":"1"},"hash":"b2081abd8b4c3799278614f9832c67b6"}} ::1
YUNUS AAAAAAAAAAAAA POST /ajax/dyndata 200 84 - 24.893 ms {"kdata":{"where":{"id":"2"},"hash":"b2081abd8b4c3799278614f9832c67b6"}} ::1
YUNUS AAAAAAAAAAAAA GET /duyuru 200 29875 - 355.067 ms {} ::1
YUNUS AAAAAAAAAAAAA POST /ajax/dyndata 200 84 - 28.179 ms {"kdata":{"where":{"id":"5"},"hash":"9154b771d5879a923875ace15a24d90e"}} ::1
YUNUS AAAAAAAAAAAAA POST /ajax/dyndata 200 84 - 34.888 ms {"kdata":{"where":{"id":"3"},"hash":"9154b771d5879a923875ace15a24d90e"}} ::1
YUNUS AAAAAAAAAAAAA POST /ajax/dyndata 200 84 - 32.118 ms {"kdata":{"where":{"id":"1"},"hash":"9154b771d5879a923875ace15a24d90e"}} ::1
YUNUS AAAAAAAAAAAAA POST /ajax/dyndata 200 87 - 26.052 ms {"kdata":{"where":{"id":"7"},"hash":"9154b771d5879a923875ace15a24d90e"}} ::1
YUNUS AAAAAAAAAAAAA POST /ajax/dyndata 200 84 - 30.430 ms {"kdata":{"where":{"id":"6"},"hash":"9154b771d5879a923875ace15a24d90e"}} ::1
YUNUS AAAAAAAAAAAAA POST /ajax/dyndata 200 84 - 27.980 ms {"kdata":{"where":{"id":"5"},"hash":"9154b771d5879a923875ace15a24d90e"}} ::1
YUNUS AAAAAAAAAAAAA POST /ajax/dyndata 200 84 - 23.089 ms {"kdata":{"where":{"id":"3"},"hash":"9154b771d5879a923875ace15a24d90e"}} ::1
YUNUS AAAAAAAAAAAAA POST /ajax/dyndata 200 84 - 16.415 ms {"kdata":{"where":{"id":"1"},"hash":"9154b771d5879a923875ace15a24d90e"}} ::1
YUNUS AAAAAAAAAAAAA GET /duyuru 200 29942 - 570.591 ms {} ::1
YUNUS AAAAAAAAAAAAA POST /ajax/dyndata 200 84 - 14.714 ms {"kdata":{"where":{"id":"1"},"hash":"82e4d36f044c4679ec3787af9d25c2b4"}} ::1
YUNUS AAAAAAAAAAAAA POST /ajax/dyndata 200 84 - 7.919 ms {"kdata":{"where":{"id":"3"},"hash":"82e4d36f044c4679ec3787af9d25c2b4"}} ::1
YUNUS AAAAAAAAAAAAA POST /ajax/dyndata 200 87 - 29.884 ms {"kdata":{"where":{"id":"7"},"hash":"82e4d36f044c4679ec3787af9d25c2b4"}} ::1
YUNUS AAAAAAAAAAAAA POST /ajax/dyndata 200 84 - 19.502 ms {"kdata":{"where":{"id":"2"},"hash":"82e4d36f044c4679ec3787af9d25c2b4"}} ::1
YUNUS AAAAAAAAAAAAA POST /ajax/dyndata 200 84 - 9.209 ms {"kdata":{"where":{"id":"5"},"hash":"82e4d36f044c4679ec3787af9d25c2b4"}} ::1
YUNUS AAAAAAAAAAAAA POST /ajax/dyndata 200 84 - 24.569 ms {"kdata":{"where":{"id":"1"},"hash":"82e4d36f044c4679ec3787af9d25c2b4"}} ::1
YUNUS AAAAAAAAAAAAA GET /duyuru 200 29942 - 590.342 ms {} ::1
YUNUS AAAAAAAAAAAAA POST /ajax/dyndata 200 84 - 20.773 ms {"kdata":{"where":{"id":"1"},"hash":"94d1c8bc4a9bd231eb6ca4f100c94775"}} ::1
YUNUS AAAAAAAAAAAAA POST /ajax/dyndata 200 84 - 23.290 ms {"kdata":{"where":{"id":"3"},"hash":"94d1c8bc4a9bd231eb6ca4f100c94775"}} ::1
YUNUS AAAAAAAAAAAAA GET /duyuru 200 30078 - 567.126 ms {} ::1
YUNUS AAAAAAAAAAAAA GET /duyuru 200 30134 - 320.857 ms {} ::1
YUNUS AAAAAAAAAAAAA GET /duyuru 200 30078 - 306.188 ms {} ::1
YUNUS AAAAAAAAAAAAA GET /duyuru 200 30115 - 306.823 ms {} ::1
YUNUS AAAAAAAAAAAAA GET /duyuru 200 30100 - 302.989 ms {} ::1
YUNUS AAAAAAAAAAAAA GET /duyuru 200 30100 - 645.791 ms {} ::1
YUNUS AAAAAAAAAAAAA GET /duyuru 200 30100 - 316.344 ms {} ::1
YUNUS AAAAAAAAAAAAA GET /duyuru 200 30100 - 324.005 ms {} ::1
YUNUS AAAAAAAAAAAAA GET /duyuru 200 30109 - 648.285 ms {} ::1
YUNUS AAAAAAAAAAAAA GET /duyuru 200 30109 - 336.587 ms {} ::1
YUNUS AAAAAAAAAAAAA GET /duyuru 200 30109 - 337.589 ms {} ::1
YUNUS AAAAAAAAAAAAA GET /duyuru 200 30109 - 335.287 ms {} ::1
YUNUS AAAAAAAAAAAAA GET /duyuru 200 30118 - 791.182 ms {} ::1
YUNUS AAAAAAAAAAAAA GET /duyuru 200 30118 - 580.319 ms {} ::1
YUNUS AAAAAAAAAAAAA GET /duyuru 200 30118 - 650.164 ms {} ::1
YUNUS AAAAAAAAAAAAA GET /duyuru 200 30206 - 404.604 ms {} ::1
YUNUS AAAAAAAAAAAAA GET /duyuru 200 30224 - 1052.727 ms {} ::1
YUNUS AAAAAAAAAAAAA GET /duyuru 200 30277 - 570.458 ms {} ::1
YUNUS AAAAAAAAAAAAA GET /duyuru 200 30277 - 355.030 ms {} ::1
YUNUS AAAAAAAAAAAAA GET /duyuru 200 30277 - 327.739 ms {} ::1
YUNUS AAAAAAAAAAAAA GET /duyuru 200 30281 - 418.566 ms {} ::1
YUNUS AAAAAAAAAAAAA GET /duyuru 200 30272 - 398.054 ms {} ::1
YUNUS AAAAAAAAAAAAA GET /duyuru 200 30272 - 333.647 ms {} ::1
YUNUS AAAAAAAAAAAAA GET /duyuru 200 30272 - 307.883 ms {} ::1
YUNUS AAAAAAAAAAAAA GET /duyuru 200 30272 - 348.657 ms {} ::1
YUNUS AAAAAAAAAAAAA GET /duyuru 200 30272 - 327.022 ms {} ::1
YUNUS AAAAAAAAAAAAA GET /duyuru 200 30272 - 264.275 ms {} ::1
YUNUS AAAAAAAAAAAAA GET /duyuru 200 30272 - 312.900 ms {} ::1
YUNUS AAAAAAAAAAAAA POST /ajax/dyndata 200 84 - 24.663 ms {"kdata":{"where":{"id":"4"},"hash":"012a2aa0b39be374041a76184aa7f128"}} ::1
YUNUS AAAAAAAAAAAAA POST /ajax/dyndata 200 84 - 7.729 ms {"kdata":{"where":{"id":"6"},"hash":"012a2aa0b39be374041a76184aa7f128"}} ::1
YUNUS AAAAAAAAAAAAA GET /duyuru 200 30272 - 316.233 ms {} ::1
YUNUS AAAAAAAAAAAAA GET /duyuru 200 30272 - 674.166 ms {} ::1
YUNUS AAAAAAAAAAAAA POST /ajax/dyndata 200 84 - 33.070 ms {"kdata":{"where":{"id":"1"},"hash":"32b2159273d22b57c7361f18461e792a"}} ::1
YUNUS AAAAAAAAAAAAA POST /ajax/dyndata 200 84 - 30.461 ms {"kdata":{"where":{"id":"5"},"hash":"32b2159273d22b57c7361f18461e792a"}} ::1
YUNUS AAAAAAAAAAAAA POST /ajax/dyndata 200 84 - 8.171 ms {"kdata":{"where":{"id":"2"},"hash":"32b2159273d22b57c7361f18461e792a"}} ::1
YUNUS AAAAAAAAAAAAA POST /ajax/dyndata 200 87 - 27.847 ms {"kdata":{"where":{"id":"7"},"hash":"32b2159273d22b57c7361f18461e792a"}} ::1
YUNUS AAAAAAAAAAAAA POST /ajax/dyndata 200 84 - 26.150 ms {"kdata":{"where":{"id":"2"},"hash":"32b2159273d22b57c7361f18461e792a"}} ::1
YUNUS AAAAAAAAAAAAA GET /duyuru 200 30574 - 379.167 ms {} ::1
YUNUS AAAAAAAAAAAAA GET /duyuru 200 30574 - 333.119 ms {} ::1
YUNUS AAAAAAAAAAAAA GET /duyuru 200 30578 - 671.436 ms {} ::1
YUNUS AAAAAAAAAAAAA GET /duyuru 200 30688 - 361.522 ms {} ::1
YUNUS AAAAAAAAAAAAA POST /ajax/dyndata 200 87 - 13.746 ms {"kdata":{"where":{"id":"7"},"hash":"600fe65653c576a0fb725c69fa3978ff"}} ::1
YUNUS AAAAAAAAAAAAA GET /duyuru 200 30875 - 336.280 ms {} ::1
YUNUS AAAAAAAAAAAAA GET /duyuru 200 30739 - 629.559 ms {} ::1
YUNUS AAAAAAAAAAAAA GET /duyuru 200 30912 - 547.585 ms {} ::1
YUNUS AAAAAAAAAAAAA GET /duyuru 200 30912 - 339.070 ms {} ::1
YUNUS AAAAAAAAAAAAA GET /duyuru 500 1564 - 111.802 ms {} ::1
YUNUS AAAAAAAAAAAAA GET /duyuru 200 31758 - 329.259 ms {} ::1
YUNUS AAAAAAAAAAAAA GET /duyuru 200 30875 - 450.991 ms {} ::1
YUNUS AAAAAAAAAAAAA GET /duyuru 200 30883 - 422.977 ms {} ::1
YUNUS AAAAAAAAAAAAA POST /ajax/dyndata 200 87 - 12.869 ms {"kdata":{"where":{"id":"7"},"hash":"3a1de158a0a8dbdef50c4df636196017"}} ::1
YUNUS AAAAAAAAAAAAA GET /duyuru 200 31339 - 558.385 ms {} ::1
YUNUS AAAAAAAAAAAAA GET /duyuru 200 31351 - 425.553 ms {} ::1
YUNUS AAAAAAAAAAAAA POST /ajax/dyndata 200 87 - 27.893 ms {"kdata":{"where":{"id":"7"},"hash":"3e3a25651195ea03485c2871f4e8cf25"}} ::1
YUNUS AAAAAAAAAAAAA GET /duyuru 200 31460 - 736.899 ms {} ::1
YUNUS AAAAAAAAAAAAA POST /ajax/duyuru 404 21757 - 160.695 ms {"kdata":{"duyuruBaslik":"","duyuruAciklama":"","duyuruGidecekIdler":[]},"ndata":{"id":null,"method":"create"}} ::1
YUNUS AAAAAAAAAAAAA POST /ajax/duyuru 404 21757 - 156.794 ms {"kdata":{"duyuruBaslik":"","duyuruAciklama":"","duyuruGidecekIdler":[]},"ndata":{"id":null,"method":"create"}} ::1
YUNUS AAAAAAAAAAAAA POST /ajax/dyndata 200 87 - 30.713 ms {"kdata":{"where":{"id":"7"},"hash":"a78dbe1541ad25d4f0869b84111cc0e2"}} ::1
YUNUS AAAAAAAAAAAAA POST /ajax/duyuru 404 21757 - 194.159 ms {"kdata":{"duyuruBaslik":"","duyuruAciklama":"","duyuruGidecekIdler":["40","40"]},"ndata":{"id":null,"method":"create"}} ::1
YUNUS AAAAAAAAAAAAA GET /duyuru 200 31459 - 394.769 ms {} ::1
YUNUS AAAAAAAAAAAAA POST /ajax/dyndata 200 87 - 21.925 ms {"kdata":{"where":{"id":"7"},"hash":"c6c1cabff4e284601bf4fbb3e9424253"}} ::1
YUNUS AAAAAAAAAAAAA POST /ajax/duyuru 404 21756 - 141.032 ms {"kdata":{"duyuruBaslik":"","duyuruAciklama":"","duyuruGidecekIdler":[null,null]},"ndata":{"id":null,"method":"create"}} ::1
YUNUS AAAAAAAAAAAAA GET /duyuru 200 31513 - 746.509 ms {} ::1
YUNUS AAAAAAAAAAAAA POST /ajax/dyndata 200 87 - 42.460 ms {"kdata":{"where":{"id":"7"},"hash":"11f50ce08bfb2c3a72dc35993975f424"}} ::1
YUNUS AAAAAAAAAAAAA POST /ajax/duyuru 404 21810 - 171.759 ms {"kdata":{"duyuruBaslik":"","duyuruAciklama":"","duyuruGidecekIdler":["24","40"]},"ndata":{"id":null,"method":"create"}} ::1
YUNUS AAAAAAAAAAAAA POST /ajax/duyuru 404 21810 - 158.972 ms {"kdata":{"duyuruBaslik":"","duyuruAciklama":"<p>asdads<span style=\"color: rgb(209, 72, 65);\">zxczczxzx</span><span style=\"color: rgb(147, 101, 184);\">qweqeqw</span></p>","duyuruGidecekIdler":["24","40"]},"ndata":{"id":null,"method":"create"}} ::1
YUNUS AAAAAAAAAAAAA GET /duyuru 200 31513 - 2578.200 ms {} ::1
YUNUS AAAAAAAAAAAAA POST /ajax/dyndata 200 87 - 45.213 ms {"kdata":{"where":{"id":"7"},"hash":"09b7a1db68ed8819f1dd21566b857544"}} ::1
YUNUS AAAAAAAAAAAAA POST /ajax/duyuru 200 41 - 19.767 ms {"kdata":{"duyuruBaslik":"test","duyuruAciklama":"<p>sa</p>","duyuruGidecekIdler":["24","40"]},"ndata":{"id":null,"method":"create"}} ::1
YUNUS AAAAAAAAAAAAA POST /ajax/duyuru 200 41 - 54976.867 ms {"kdata":{"duyuruBaslik":"test","duyuruAciklama":"<p>sa</p>","duyuruGidecekIdler":["24","40"]},"ndata":{"id":null,"method":"create"}} ::1
YUNUS AAAAAAAAAAAAA GET /duyuru 200 31513 - 2355.779 ms {} ::1
YUNUS AAAAAAAAAAAAA POST /ajax/dyndata 200 87 - 38.970 ms {"kdata":{"where":{"id":"7"},"hash":"dbf9deaabfe88605ce60e2aba9310e9f"}} ::1
YUNUS AAAAAAAAAAAAA POST /ajax/duyuru 200 45 - 34.573 ms {"kdata":{"duyuruBaslik":"test","duyuruAciklama":"<p>sa</p>","duyuruGidecekIdler":"[\"24\",\"40\"]"},"ndata":{"id":null,"method":"create"}} ::1
YUNUS AAAAAAAAAAAAA GET /dashboard 200 40130 - 563.111 ms {} ::1
YUNUS AAAAAAAAAAAAA GET /duyuru 200 31513 - 2787.213 ms {} ::1
YUNUS AAAAAAAAAAAAA POST /ajax/duyuru 200 58 - 70.933 ms {"kdata":{"duyuruBaslik":"asdad","duyuruAciklama":"<p>asdads</p>","duyuruGidecekIdler":["35","39","40"]},"ndata":{"id":null,"method":"create"}} ::1
YUNUS AAAAAAAAAAAAA POST /ajax/duyuru 200 45 - 63.465 ms {"kdata":{"duyuruBaslik":"asdad","duyuruAciklama":"<p>asdads</p>","duyuruGidecekIdler":"[\"35\",\"39\",\"40\"]"},"ndata":{"id":null,"method":"create"}} ::1
YUNUS AAAAAAAAAAAAA GET /dashboard 304  - 2273.658 ms {} ::1
YUNUS AAAAAAAAAAAAA GET /duyuru 200 31513 - 434.523 ms {} ::1
