'SELECT * FROM sbs.kullanici_unvanlar WHERE silindiMi="0";'
->
'SELECT * FROM sbs.sayfalar WHERE silindiMi="0";'
->
'SELECT * FROM sbs.kullanicilar WHERE ( kullaniciEPosta= ? AND kullaniciParola= ?  ) AND silindiMi="0"'
->["yunusemrahdursun@gmail.com","a62b4891bdee31062366b69795ac396a"]
'SELECT * FROM sbs.kullanici_unvanlar WHERE silindiMi="0";'
->
'SELECT * FROM sbs.sayfalar WHERE silindiMi="0";'
->
'SELECT * FROM sbs.kullanicilar WHERE ( kullaniciEPosta= ? AND kullaniciParola= ?  ) AND silindiMi="0"'
->["yunusemrahdursun@gmail.com","a62b4891bdee31062366b69795ac396a"]
'SELECT * FROM sbs.kullanici_unvanlar WHERE silindiMi="0";'
->
'SELECT * FROM sbs.sayfalar WHERE silindiMi="0";'
->
'SELECT * FROM sbs.kullanicilar WHERE ( kullaniciEPosta= ? AND kullaniciParola= ?  ) AND silindiMi="0"'
->["yunusemrahdursun@gmail.com","a62b4891bdee31062366b69795ac396a"]
'SELECT * FROM sbs.kullanici_unvanlar WHERE silindiMi="0";'
->
'SELECT * FROM sbs.sayfalar WHERE silindiMi="0";'
->
'SELECT * FROM sbs.kullanicilar WHERE ( kullaniciEPosta= ? AND kullaniciParola= ?  ) AND silindiMi="0"'
->["yunusemrahdursun@gmail.com","a62b4891bdee31062366b69795ac396a"]
